<?xml version="1.0" encoding="UTF-8"?>
<Site BuildName="(empty)"
	BuildStamp="20260502-0615-Experimental"
	Name="ThinkPad-E14-Gen-3"
	Generator="ctest-3.22.1"
	CompilerName="/usr/bin/g++"
	CompilerVersion="11.4.0"
	OSName="Linux"
	Hostname="ThinkPad-E14-Gen-3"
	OSRelease="6.8.0-110-generic"
	OSVersion="#110~22.04.1-Ubuntu SMP PREEMPT_DYNAMIC Fri Mar 27 12:43:08 UTC "
	OSPlatform="x86_64"
	Is64Bits="1"
	VendorString="AuthenticAMD"
	VendorID="Advanced Micro Devices"
	FamilyID="23"
	ModelID="104"
	ProcessorCacheSize="512"
	NumberOfLogicalCPU="12"
	NumberOfPhysicalCPU="6"
	TotalVirtualMemory="2047"
	TotalPhysicalMemory="6749"
	LogicalProcessorsPerPhysical="2"
	ProcessorClockFrequency="1395.95"
	>
	<Testing>
		<StartDateTime>May 02 15:47 IST</StartDateTime>
		<StartTestTime>1777717037</StartTestTime>
		<TestList/>
		<EndDateTime>May 02 15:47 IST</EndDateTime>
		<EndTestTime>1777717037</EndTestTime>
		<ElapsedMinutes>0</ElapsedMinutes>
	</Testing>
</Site>
