<?xml version="1.0" encoding="UTF-8"?>
<Site BuildName="(empty)"
	BuildStamp="20260508-0518-Experimental"
	Name="ThinkPad-E14-Gen-3"
	Generator="ctest-3.22.1"
	CompilerName="/usr/bin/g++"
	CompilerVersion="11.4.0"
	OSName="Linux"
	Hostname="ThinkPad-E14-Gen-3"
	OSRelease="6.8.0-111-generic"
	OSVersion="#111~22.04.1-Ubuntu SMP PREEMPT_DYNAMIC Tue Apr 14 17:13:45 UTC "
	OSPlatform="x86_64"
	Is64Bits="1"
	VendorString="AuthenticAMD"
	VendorID="Advanced Micro Devices"
	FamilyID="23"
	ModelID="104"
	ProcessorCacheSize="512"
	NumberOfLogicalCPU="12"
	NumberOfPhysicalCPU="6"
	TotalVirtualMemory="2047"
	TotalPhysicalMemory="6749"
	LogicalProcessorsPerPhysical="2"
	ProcessorClockFrequency="1871.86"
	>
	<Testing>
		<StartDateTime>May 08 10:48 IST</StartDateTime>
		<StartTestTime>1778217501</StartTestTime>
		<TestList/>
		<EndDateTime>May 08 10:48 IST</EndDateTime>
		<EndTestTime>1778217501</EndTestTime>
		<ElapsedMinutes>0</ElapsedMinutes>
	</Testing>
</Site>
